TN:
SF:src/shared/constants/http-exception.constants.ts
FNF:0
FNH:0
DA:1,1
LF:1
LH:1
BRF:0
BRH:0
end_of_record
TN:
SF:src/shared/constants/index.ts
FNF:0
FNH:0
DA:1,1
LF:1
LH:1
BRF:0
BRH:0
end_of_record
TN:
SF:src/users/domain/interfaces/index.ts
FNF:0
FNH:0
DA:1,1
LF:1
LH:1
BRF:0
BRH:0
end_of_record
TN:
SF:src/users/domain/interfaces/user-repository.interface.ts
FNF:0
FNH:0
DA:4,1
LF:1
LH:1
BRF:0
BRH:0
end_of_record
TN:
SF:src/users/domain/test/in-memory/in-memory-users-repository.ts
FN:10,(anonymous_0)
FN:15,(anonymous_1)
FN:32,(anonymous_2)
FN:33,(anonymous_3)
FN:37,(anonymous_4)
FN:38,(anonymous_5)
FN:42,(anonymous_6)
FN:43,(anonymous_7)
FNF:8
FNH:4
FNDA:4,(anonymous_0)
FNDA:2,(anonymous_1)
FNDA:3,(anonymous_2)
FNDA:1,(anonymous_3)
FNDA:0,(anonymous_4)
FNDA:0,(anonymous_5)
FNDA:0,(anonymous_6)
FNDA:0,(anonymous_7)
DA:1,1
DA:2,1
DA:6,1
DA:11,4
DA:12,4
DA:16,2
DA:17,2
DA:19,2
DA:28,2
DA:29,2
DA:33,3
DA:34,3
DA:38,0
DA:39,0
DA:43,0
DA:44,0
DA:45,0
LF:17
LH:12
BRDA:33,0,0,1
BRDA:33,0,1,1
BRDA:34,1,0,3
BRDA:34,1,1,2
BRDA:38,2,0,0
BRDA:38,2,1,0
BRDA:39,3,0,0
BRDA:39,3,1,0
BRDA:43,4,0,0
BRDA:43,4,1,0
BRDA:44,5,0,0
BRF:11
BRH:4
end_of_record
TN:
SF:src/users/domain/test/in-memory/index.ts
FNF:0
FNH:0
DA:1,1
LF:1
LH:1
BRF:0
BRH:0
end_of_record
TN:
SF:src/users/domain/use-cases/register-user/register-user.ts
FN:10,(anonymous_2)
FN:12,(anonymous_3)
FNF:2
FNH:2
FNDA:2,(anonymous_2)
FNDA:3,(anonymous_3)
DA:1,1
DA:2,1
DA:5,1
DA:6,1
DA:9,1
DA:10,2
DA:13,3
DA:15,3
DA:16,3
DA:17,1
DA:20,2
DA:22,2
DA:23,2
DA:31,0
LF:14
LH:13
BRDA:16,0,0,1
BRF:1
BRH:1
end_of_record
